Arguments: 
  C:\Program Files\nodejs\node.exe C:\Users\tiwashwe\AppData\Roaming\npm\node_modules\yarn\bin\yarn.js

PATH: 
  C:\Users\tiwashwe\AppData\Roaming\npm;C:\Program Files\nodejs\;C:\windows\system32;C:\windows;C:\windows\System32\Wbem;C:\windows\System32\WindowsPowerShell\v1.0\;C:\Program Files\nodejs\;C:\Users\tiwashwe\Documents\projects\node_modules\;C:\Users\tiwashwe\AppData\Roaming\npm

Yarn version: 
  1.13.0

Node version: 
  10.15.1

Platform: 
  win32 x64

Trace: 
  Error: https://registry.yarnpkg.com/rxjs/-/rxjs-6.4.0.tgz: ESOCKETTIMEDOUT
      at ClientRequest.<anonymous> (C:\Users\tiwashwe\AppData\Roaming\npm\node_modules\yarn\lib\cli.js:130024:19)
      at Object.onceWrapper (events.js:277:13)
      at ClientRequest.emit (events.js:189:13)
      at TLSSocket.emitRequestTimeout (_http_client.js:662:40)
      at Object.onceWrapper (events.js:277:13)
      at TLSSocket.emit (events.js:189:13)
      at TLSSocket.Socket._onTimeout (net.js:443:8)
      at ontimeout (timers.js:436:11)
      at tryOnTimeout (timers.js:300:5)
      at listOnTimeout (timers.js:263:5)

npm manifest: 
  {
    "name": "helloworld",
    "version": "1.0.0",
    "description": "sample",
    "main": "index.js",
    "scripts": {
      "test": "echo \"Error: no test specified\" && exit 1"
    },
    "author": "shweta",
    "license": "ISC",
    "dependencies": {
      "@angular/cli": "^7.3.2",
      "@microsoft/generator-sharepoint": "^1.7.1",
      "gulp": "^4.0.0"
    }
  }

yarn manifest: 
  No manifest

Lockfile: 
  No lockfile
